<?xml version="1.0" encoding="UTF-8"?>
<!-- Generated by org.testng.reporters.JUnitXMLReporter -->
<testsuite ignored="0" hostname="DESKTOP-DCTEAPV" failures="0" tests="4" name="Default test" time="26.432" errors="0" timestamp="2025-04-18T17:02:46 IST">
  <testcase classname="testcases.b_MyFirstTestFW2" name="LoginTest" time="1.927"/>
  <testcase classname="testcases.b_MyFirstTestFW2" name="LoginTest" time="1.883"/>
  <testcase classname="testcases.b_MyFirstTestFW2" name="LoginTest" time="1.884"/>
  <testcase classname="testcases.b_MyFirstTestFW2" name="LoginTest" time="2.927"/>
</testsuite> <!-- Default test -->
