<?xml version="1.0" encoding="UTF-8"?>
<testng-results ignored="0" total="4" passed="4" failed="0" skipped="0">
  <reporter-output>
  </reporter-output>
  <suite started-at="2025-04-18T17:02:20 IST" name="Default suite" finished-at="2025-04-18T17:02:46 IST" duration-ms="26432">
    <groups>
    </groups>
    <test started-at="2025-04-18T17:02:20 IST" name="Default test" finished-at="2025-04-18T17:02:46 IST" duration-ms="26432">
      <class name="testcases.b_MyFirstTestFW2">
        <test-method is-config="true" signature="setUp()[pri:0, instance:testcases.b_MyFirstTestFW2@7586beff]" started-at="2025-04-18T17:02:21 IST" name="setUp" finished-at="2025-04-18T17:02:25 IST" duration-ms="3542" status="PASS">
          <reporter-output>
          </reporter-output>
        </test-method> <!-- setUp -->
        <test-method signature="LoginTest(java.lang.String,java.lang.String)[pri:0, instance:testcases.b_MyFirstTestFW2@7586beff]" started-at="2025-04-18T17:02:25 IST" name="LoginTest" data-provider="userCredentialFromExternalFile" finished-at="2025-04-18T17:02:27 IST" duration-ms="1927" status="PASS">
          <params>
            <param index="0">
              <value>
                <![CDATA[admin1]]>
              </value>
            </param>
            <param index="1">
              <value>
                <![CDATA[useradmin]]>
              </value>
            </param>
          </params>
          <reporter-output>
          </reporter-output>
        </test-method> <!-- LoginTest -->
        <test-method is-config="true" signature="tearDown()[pri:0, instance:testcases.b_MyFirstTestFW2@7586beff]" started-at="2025-04-18T17:02:27 IST" name="tearDown" finished-at="2025-04-18T17:02:27 IST" duration-ms="349" status="PASS">
          <reporter-output>
          </reporter-output>
        </test-method> <!-- tearDown -->
        <test-method is-config="true" signature="setUp()[pri:0, instance:testcases.b_MyFirstTestFW2@7586beff]" started-at="2025-04-18T17:02:27 IST" name="setUp" finished-at="2025-04-18T17:02:31 IST" duration-ms="4272" status="PASS">
          <reporter-output>
          </reporter-output>
        </test-method> <!-- setUp -->
        <test-method signature="LoginTest(java.lang.String,java.lang.String)[pri:0, instance:testcases.b_MyFirstTestFW2@7586beff]" started-at="2025-04-18T17:02:31 IST" name="LoginTest" data-provider="userCredentialFromExternalFile" finished-at="2025-04-18T17:02:33 IST" duration-ms="1883" status="PASS">
          <params>
            <param index="0">
              <value>
                <![CDATA[admin]]>
              </value>
            </param>
            <param index="1">
              <value>
                <![CDATA[useadmin1]]>
              </value>
            </param>
          </params>
          <reporter-output>
          </reporter-output>
        </test-method> <!-- LoginTest -->
        <test-method is-config="true" signature="tearDown()[pri:0, instance:testcases.b_MyFirstTestFW2@7586beff]" started-at="2025-04-18T17:02:33 IST" name="tearDown" finished-at="2025-04-18T17:02:33 IST" duration-ms="244" status="PASS">
          <reporter-output>
          </reporter-output>
        </test-method> <!-- tearDown -->
        <test-method is-config="true" signature="setUp()[pri:0, instance:testcases.b_MyFirstTestFW2@7586beff]" started-at="2025-04-18T17:02:33 IST" name="setUp" finished-at="2025-04-18T17:02:37 IST" duration-ms="4092" status="PASS">
          <reporter-output>
          </reporter-output>
        </test-method> <!-- setUp -->
        <test-method signature="LoginTest(java.lang.String,java.lang.String)[pri:0, instance:testcases.b_MyFirstTestFW2@7586beff]" started-at="2025-04-18T17:02:37 IST" name="LoginTest" data-provider="userCredentialFromExternalFile" finished-at="2025-04-18T17:02:39 IST" duration-ms="1884" status="PASS">
          <params>
            <param index="0">
              <value>
                <![CDATA[admina]]>
              </value>
            </param>
            <param index="1">
              <value>
                <![CDATA[useradmina]]>
              </value>
            </param>
          </params>
          <reporter-output>
          </reporter-output>
        </test-method> <!-- LoginTest -->
        <test-method is-config="true" signature="tearDown()[pri:0, instance:testcases.b_MyFirstTestFW2@7586beff]" started-at="2025-04-18T17:02:39 IST" name="tearDown" finished-at="2025-04-18T17:02:40 IST" duration-ms="323" status="PASS">
          <reporter-output>
          </reporter-output>
        </test-method> <!-- tearDown -->
        <test-method is-config="true" signature="setUp()[pri:0, instance:testcases.b_MyFirstTestFW2@7586beff]" started-at="2025-04-18T17:02:40 IST" name="setUp" finished-at="2025-04-18T17:02:43 IST" duration-ms="3157" status="PASS">
          <reporter-output>
          </reporter-output>
        </test-method> <!-- setUp -->
        <test-method signature="LoginTest(java.lang.String,java.lang.String)[pri:0, instance:testcases.b_MyFirstTestFW2@7586beff]" started-at="2025-04-18T17:02:43 IST" name="LoginTest" data-provider="userCredentialFromExternalFile" finished-at="2025-04-18T17:02:46 IST" duration-ms="2927" status="PASS">
          <params>
            <param index="0">
              <value>
                <![CDATA[admin]]>
              </value>
            </param>
            <param index="1">
              <value>
                <![CDATA[useradmin]]>
              </value>
            </param>
          </params>
          <reporter-output>
          </reporter-output>
        </test-method> <!-- LoginTest -->
        <test-method is-config="true" signature="tearDown()[pri:0, instance:testcases.b_MyFirstTestFW2@7586beff]" started-at="2025-04-18T17:02:46 IST" name="tearDown" finished-at="2025-04-18T17:02:46 IST" duration-ms="228" status="PASS">
          <reporter-output>
          </reporter-output>
        </test-method> <!-- tearDown -->
      </class> <!-- testcases.b_MyFirstTestFW2 -->
    </test> <!-- Default test -->
  </suite> <!-- Default suite -->
</testng-results>
